2026-03-10T16:22:48.403Z === NEXUS OS 24/7 Keep-Alive Started ===
2026-03-10T16:22:48.404Z Starting NEXUS OS server...
(node:1699) [DEP0190] DeprecationWarning: Passing args to a child process with shell option true can lead to security vulnerabilities, as the arguments are not escaped, only concatenated.
(Use `node --trace-deprecation ...` to show where the warning was created)
2026-03-10T16:22:49.100Z Server stopped with code 0. Restarting in 5 seconds...
2026-03-10T16:22:54.101Z Starting NEXUS OS server...
2026-03-10T16:22:54.766Z Server stopped with code 0. Restarting in 5 seconds...
2026-03-10T16:22:59.771Z Starting NEXUS OS server...
2026-03-10T16:23:00.430Z Server stopped with code 0. Restarting in 5 seconds...
2026-03-10T16:23:05.435Z Starting NEXUS OS server...
2026-03-10T16:23:06.121Z Server stopped with code 0. Restarting in 5 seconds...
2026-03-10T16:23:11.126Z Starting NEXUS OS server...
2026-03-10T16:23:11.798Z Server stopped with code 0. Restarting in 5 seconds...
2026-03-10T16:23:16.803Z Starting NEXUS OS server...
2026-03-10T16:23:17.482Z Server stopped with code 0. Restarting in 5 seconds...
2026-03-10T16:23:22.486Z Starting NEXUS OS server...
2026-03-10T16:23:23.148Z Server stopped with code 0. Restarting in 5 seconds...
2026-03-10T16:23:28.154Z Starting NEXUS OS server...
2026-03-10T16:23:28.848Z Server stopped with code 0. Restarting in 5 seconds...
2026-03-10T16:23:33.852Z Starting NEXUS OS server...
2026-03-10T16:23:34.558Z Server stopped with code 0. Restarting in 5 seconds...
2026-03-10T16:23:39.561Z Starting NEXUS OS server...
2026-03-10T16:23:40.257Z Server stopped with code 0. Restarting in 5 seconds...
2026-03-10T16:23:45.263Z Starting NEXUS OS server...
2026-03-10T16:23:45.961Z Server stopped with code 0. Restarting in 5 seconds...
2026-03-10T16:23:48.409Z Keep-alive ping
2026-03-10T16:23:50.963Z Starting NEXUS OS server...
2026-03-10T16:23:51.655Z Server stopped with code 0. Restarting in 5 seconds...
2026-03-10T16:23:56.660Z Starting NEXUS OS server...
2026-03-10T16:23:57.375Z Server stopped with code 0. Restarting in 5 seconds...
2026-03-10T16:24:02.379Z Starting NEXUS OS server...
2026-03-10T16:24:03.068Z Server stopped with code 0. Restarting in 5 seconds...
2026-03-10T16:24:08.074Z Starting NEXUS OS server...
2026-03-10T16:24:08.767Z Server stopped with code 0. Restarting in 5 seconds...
2026-03-10T16:24:13.771Z Starting NEXUS OS server...
2026-03-10T16:24:14.441Z Server stopped with code 0. Restarting in 5 seconds...
2026-03-10T16:24:19.446Z Starting NEXUS OS server...
2026-03-10T16:24:20.127Z Server stopped with code 0. Restarting in 5 seconds...
2026-03-10T16:24:25.133Z Starting NEXUS OS server...
2026-03-10T16:24:25.799Z Server stopped with code 0. Restarting in 5 seconds...
2026-03-10T16:24:30.801Z Starting NEXUS OS server...
2026-03-10T16:24:31.500Z Server stopped with code 0. Restarting in 5 seconds...
2026-03-10T16:24:36.500Z Starting NEXUS OS server...
2026-03-10T16:24:37.183Z Server stopped with code 0. Restarting in 5 seconds...
2026-03-10T16:24:42.187Z Starting NEXUS OS server...
2026-03-10T16:24:42.850Z Server stopped with code 0. Restarting in 5 seconds...
2026-03-10T16:24:47.853Z Starting NEXUS OS server...
2026-03-10T16:24:48.411Z Keep-alive ping
2026-03-10T16:24:48.556Z Server stopped with code 0. Restarting in 5 seconds...
2026-03-10T16:24:53.556Z Starting NEXUS OS server...
2026-03-10T16:24:54.298Z Server stopped with code 0. Restarting in 5 seconds...
2026-03-10T16:24:59.302Z Starting NEXUS OS server...
2026-03-10T16:25:00.000Z Server stopped with code 0. Restarting in 5 seconds...
2026-03-10T16:25:05.005Z Starting NEXUS OS server...
2026-03-10T16:25:05.734Z Server stopped with code 0. Restarting in 5 seconds...
2026-03-10T16:25:10.737Z Starting NEXUS OS server...
2026-03-10T16:25:11.442Z Server stopped with code 0. Restarting in 5 seconds...
2026-03-10T16:25:16.441Z Starting NEXUS OS server...
2026-03-10T16:25:17.147Z Server stopped with code 0. Restarting in 5 seconds...
2026-03-10T16:25:22.152Z Starting NEXUS OS server...
2026-03-10T16:25:22.863Z Server stopped with code 0. Restarting in 5 seconds...
2026-03-10T16:25:27.864Z Starting NEXUS OS server...
2026-03-10T16:25:28.573Z Server stopped with code 0. Restarting in 5 seconds...
2026-03-10T16:25:33.574Z Starting NEXUS OS server...
2026-03-10T16:25:34.349Z Server stopped with code 0. Restarting in 5 seconds...
2026-03-10T16:25:39.354Z Starting NEXUS OS server...
2026-03-10T16:25:40.066Z Server stopped with code 0. Restarting in 5 seconds...
2026-03-10T16:25:45.067Z Starting NEXUS OS server...
2026-03-10T16:25:45.748Z Server stopped with code 0. Restarting in 5 seconds...
2026-03-10T16:25:48.412Z Keep-alive ping
2026-03-10T16:25:50.751Z Starting NEXUS OS server...
2026-03-10T16:25:51.478Z Server stopped with code 0. Restarting in 5 seconds...
2026-03-10T16:25:56.483Z Starting NEXUS OS server...
2026-03-10T16:25:57.216Z Server stopped with code 0. Restarting in 5 seconds...
2026-03-10T16:26:02.221Z Starting NEXUS OS server...
2026-03-10T16:26:02.918Z Server stopped with code 0. Restarting in 5 seconds...
2026-03-10T16:26:07.920Z Starting NEXUS OS server...
2026-03-10T16:26:08.595Z Server stopped with code 0. Restarting in 5 seconds...
2026-03-10T16:26:13.596Z Starting NEXUS OS server...
2026-03-10T16:26:14.260Z Server stopped with code 0. Restarting in 5 seconds...
2026-03-10T16:26:19.264Z Starting NEXUS OS server...
2026-03-10T16:26:19.948Z Server stopped with code 0. Restarting in 5 seconds...
2026-03-10T16:26:24.952Z Starting NEXUS OS server...
2026-03-10T16:26:25.628Z Server stopped with code 0. Restarting in 5 seconds...
2026-03-10T16:26:30.630Z Starting NEXUS OS server...
2026-03-10T16:26:31.332Z Server stopped with code 0. Restarting in 5 seconds...
2026-03-10T16:26:36.337Z Starting NEXUS OS server...
2026-03-10T16:26:37.050Z Server stopped with code 0. Restarting in 5 seconds...
2026-03-10T16:26:42.055Z Starting NEXUS OS server...
2026-03-10T16:26:42.722Z Server stopped with code 0. Restarting in 5 seconds...
2026-03-10T16:26:47.724Z Starting NEXUS OS server...
2026-03-10T16:26:48.393Z Server stopped with code 0. Restarting in 5 seconds...
2026-03-10T16:26:48.413Z Keep-alive ping
2026-03-10T16:26:53.397Z Starting NEXUS OS server...
2026-03-10T16:26:54.064Z Server stopped with code 0. Restarting in 5 seconds...
2026-03-10T16:26:59.068Z Starting NEXUS OS server...
2026-03-10T16:26:59.736Z Server stopped with code 0. Restarting in 5 seconds...
2026-03-10T16:27:04.739Z Starting NEXUS OS server...
2026-03-10T16:27:05.410Z Server stopped with code 0. Restarting in 5 seconds...
2026-03-10T16:27:10.410Z Starting NEXUS OS server...
2026-03-10T16:27:11.096Z Server stopped with code 0. Restarting in 5 seconds...
2026-03-10T16:27:16.102Z Starting NEXUS OS server...
2026-03-10T16:27:16.784Z Server stopped with code 0. Restarting in 5 seconds...
2026-03-10T16:27:21.786Z Starting NEXUS OS server...
2026-03-10T16:27:22.456Z Server stopped with code 0. Restarting in 5 seconds...
2026-03-10T16:27:27.457Z Starting NEXUS OS server...
2026-03-10T16:27:28.129Z Server stopped with code 0. Restarting in 5 seconds...
2026-03-10T16:27:33.134Z Starting NEXUS OS server...
2026-03-10T16:27:33.823Z Server stopped with code 0. Restarting in 5 seconds...
2026-03-10T16:27:38.827Z Starting NEXUS OS server...
2026-03-10T16:27:39.519Z Server stopped with code 0. Restarting in 5 seconds...
2026-03-10T16:27:44.521Z Starting NEXUS OS server...
2026-03-10T16:27:45.193Z Server stopped with code 0. Restarting in 5 seconds...
2026-03-10T16:27:48.415Z Keep-alive ping
2026-03-10T16:27:50.193Z Starting NEXUS OS server...
2026-03-10T16:27:50.923Z Server stopped with code 0. Restarting in 5 seconds...
2026-03-10T16:27:55.928Z Starting NEXUS OS server...
2026-03-10T16:27:56.616Z Server stopped with code 0. Restarting in 5 seconds...
2026-03-10T16:28:01.619Z Starting NEXUS OS server...
2026-03-10T16:28:02.334Z Server stopped with code 0. Restarting in 5 seconds...
2026-03-10T16:28:07.335Z Starting NEXUS OS server...
2026-03-10T16:28:08.004Z Server stopped with code 0. Restarting in 5 seconds...
2026-03-10T16:28:13.009Z Starting NEXUS OS server...
2026-03-10T16:28:13.707Z Server stopped with code 0. Restarting in 5 seconds...
2026-03-10T16:28:18.711Z Starting NEXUS OS server...
2026-03-10T16:28:19.409Z Server stopped with code 0. Restarting in 5 seconds...
2026-03-10T16:28:24.410Z Starting NEXUS OS server...
2026-03-10T16:28:25.145Z Server stopped with code 0. Restarting in 5 seconds...
2026-03-10T16:28:30.151Z Starting NEXUS OS server...
2026-03-10T16:28:30.856Z Server stopped with code 0. Restarting in 5 seconds...
2026-03-10T16:28:35.861Z Starting NEXUS OS server...
2026-03-10T16:28:36.549Z Server stopped with code 0. Restarting in 5 seconds...
2026-03-10T16:28:41.552Z Starting NEXUS OS server...
2026-03-10T16:28:42.247Z Server stopped with code 0. Restarting in 5 seconds...
2026-03-10T16:28:47.247Z Starting NEXUS OS server...
2026-03-10T16:28:47.954Z Server stopped with code 0. Restarting in 5 seconds...
2026-03-10T16:28:48.416Z Keep-alive ping
2026-03-10T16:28:52.958Z Starting NEXUS OS server...
2026-03-10T16:28:53.664Z Server stopped with code 0. Restarting in 5 seconds...
2026-03-10T16:28:58.668Z Starting NEXUS OS server...
2026-03-10T16:28:59.363Z Server stopped with code 0. Restarting in 5 seconds...
2026-03-10T16:29:04.365Z Starting NEXUS OS server...
2026-03-10T16:29:05.071Z Server stopped with code 0. Restarting in 5 seconds...
2026-03-10T16:29:10.076Z Starting NEXUS OS server...
2026-03-10T16:29:10.760Z Server stopped with code 0. Restarting in 5 seconds...
2026-03-10T16:29:15.765Z Starting NEXUS OS server...
2026-03-10T16:29:16.459Z Server stopped with code 0. Restarting in 5 seconds...
2026-03-10T16:29:21.461Z Starting NEXUS OS server...
2026-03-10T16:29:22.165Z Server stopped with code 0. Restarting in 5 seconds...
2026-03-10T16:29:27.171Z Starting NEXUS OS server...
2026-03-10T16:29:27.865Z Server stopped with code 0. Restarting in 5 seconds...
2026-03-10T16:29:32.870Z Starting NEXUS OS server...
2026-03-10T16:29:33.616Z Server stopped with code 0. Restarting in 5 seconds...
2026-03-10T16:29:38.620Z Starting NEXUS OS server...
2026-03-10T16:29:39.293Z Server stopped with code 0. Restarting in 5 seconds...
2026-03-10T16:29:44.294Z Starting NEXUS OS server...
2026-03-10T16:29:44.997Z Server stopped with code 0. Restarting in 5 seconds...
2026-03-10T16:29:48.420Z Keep-alive ping
2026-03-10T16:29:49.999Z Starting NEXUS OS server...
2026-03-10T16:29:50.679Z Server stopped with code 0. Restarting in 5 seconds...
2026-03-10T16:29:55.682Z Starting NEXUS OS server...
2026-03-10T16:29:56.355Z Server stopped with code 0. Restarting in 5 seconds...
2026-03-10T16:30:01.357Z Starting NEXUS OS server...
2026-03-10T16:30:02.051Z Server stopped with code 0. Restarting in 5 seconds...
2026-03-10T16:30:07.056Z Starting NEXUS OS server...
2026-03-10T16:30:07.758Z Server stopped with code 0. Restarting in 5 seconds...
2026-03-10T16:30:12.757Z Starting NEXUS OS server...
2026-03-10T16:30:13.446Z Server stopped with code 0. Restarting in 5 seconds...
2026-03-10T16:30:18.448Z Starting NEXUS OS server...
2026-03-10T16:30:19.176Z Server stopped with code 0. Restarting in 5 seconds...
2026-03-10T16:30:24.176Z Starting NEXUS OS server...
2026-03-10T16:30:24.886Z Server stopped with code 0. Restarting in 5 seconds...
2026-03-10T16:30:29.891Z Starting NEXUS OS server...
2026-03-10T16:30:30.624Z Server stopped with code 0. Restarting in 5 seconds...
2026-03-10T16:30:35.627Z Starting NEXUS OS server...
2026-03-10T16:30:36.342Z Server stopped with code 0. Restarting in 5 seconds...
2026-03-10T16:30:41.342Z Starting NEXUS OS server...
2026-03-10T16:30:42.024Z Server stopped with code 0. Restarting in 5 seconds...
2026-03-10T16:30:47.030Z Starting NEXUS OS server...
2026-03-10T16:30:47.756Z Server stopped with code 0. Restarting in 5 seconds...
2026-03-10T16:30:48.420Z Keep-alive ping
2026-03-10T16:30:52.760Z Starting NEXUS OS server...
2026-03-10T16:30:53.481Z Server stopped with code 0. Restarting in 5 seconds...
2026-03-10T16:30:58.482Z Starting NEXUS OS server...
2026-03-10T16:30:59.162Z Server stopped with code 0. Restarting in 5 seconds...
2026-03-10T16:31:04.167Z Starting NEXUS OS server...
2026-03-10T16:31:04.837Z Server stopped with code 0. Restarting in 5 seconds...
2026-03-10T16:31:09.842Z Starting NEXUS OS server...
2026-03-10T16:31:10.537Z Server stopped with code 0. Restarting in 5 seconds...
2026-03-10T16:31:15.538Z Starting NEXUS OS server...
2026-03-10T16:31:16.247Z Server stopped with code 0. Restarting in 5 seconds...
2026-03-10T16:31:21.248Z Starting NEXUS OS server...
2026-03-10T16:31:21.962Z Server stopped with code 0. Restarting in 5 seconds...
2026-03-10T16:31:26.967Z Starting NEXUS OS server...
2026-03-10T16:31:27.787Z Server stopped with code 0. Restarting in 5 seconds...
2026-03-10T16:31:32.790Z Starting NEXUS OS server...
2026-03-10T16:31:33.551Z Server stopped with code 0. Restarting in 5 seconds...
2026-03-10T16:31:38.551Z Starting NEXUS OS server...
2026-03-10T16:31:39.272Z Server stopped with code 0. Restarting in 5 seconds...
2026-03-10T16:31:44.278Z Starting NEXUS OS server...
2026-03-10T16:31:44.953Z Server stopped with code 0. Restarting in 5 seconds...
2026-03-10T16:31:48.424Z Keep-alive ping
2026-03-10T16:31:49.953Z Starting NEXUS OS server...
